[0.008s] Invoking command in '/home/articulated_ws/build/mobile_bot': CMAKE_PREFIX_PATH=/opt/ros/humble /usr/bin/cmake /home/articulated_ws/src/mobile_bot -DAMENT_CMAKE_SYMLINK_INSTALL=1 -DCMAKE_INSTALL_PREFIX=/home/articulated_ws/install/mobile_bot
[0.237s] -- The C compiler identification is GNU 11.4.0
[0.340s] -- The CXX compiler identification is GNU 11.4.0
[0.349s] -- Detecting C compiler ABI info
[0.412s] -- Detecting C compiler ABI info - done
[0.418s] -- Check for working C compiler: /usr/bin/cc - skipped
[0.419s] -- Detecting C compile features
[0.419s] -- Detecting C compile features - done
[0.422s] -- Detecting CXX compiler ABI info
[0.488s] -- Detecting CXX compiler ABI info - done
[0.495s] -- Check for working CXX compiler: /usr/bin/c++ - skipped
[0.495s] -- Detecting CXX compile features
[0.496s] -- Detecting CXX compile features - done
[0.500s] -- Found ament_cmake: 1.3.8 (/opt/ros/humble/share/ament_cmake/cmake)
[0.618s] -- Found Python3: /usr/bin/python3 (found version "3.10.12") found components: Interpreter 
[0.675s] -- Override CMake install command with custom implementation using symlinks instead of copying resources
[0.714s] -- Found ament_lint_auto: 0.12.10 (/opt/ros/humble/share/ament_lint_auto/cmake)
[0.790s] -- Added test 'copyright' to check source files copyright and LICENSE
[0.799s] -- Added test 'flake8' to check Python code syntax and style conventions
[0.800s] -- Added test 'lint_cmake' to check CMake code style
[0.801s] -- Added test 'pep257' to check Python code against some of the docstring style conventions in PEP 257
[0.805s] -- Added test 'xmllint' to check XML markup files
[0.807s] -- Configuring done
[0.810s] -- Generating done
[0.810s] -- Build files have been written to: /home/articulated_ws/build/mobile_bot
[0.814s] Invoked command in '/home/articulated_ws/build/mobile_bot' returned '0': CMAKE_PREFIX_PATH=/opt/ros/humble /usr/bin/cmake /home/articulated_ws/src/mobile_bot -DAMENT_CMAKE_SYMLINK_INSTALL=1 -DCMAKE_INSTALL_PREFIX=/home/articulated_ws/install/mobile_bot
[0.815s] Invoking command in '/home/articulated_ws/build/mobile_bot': CMAKE_PREFIX_PATH=/opt/ros/humble /usr/bin/cmake --build /home/articulated_ws/build/mobile_bot -- -j12 -l12
[0.845s] Invoked command in '/home/articulated_ws/build/mobile_bot' returned '0': CMAKE_PREFIX_PATH=/opt/ros/humble /usr/bin/cmake --build /home/articulated_ws/build/mobile_bot -- -j12 -l12
[0.870s] Invoking command in '/home/articulated_ws/build/mobile_bot': CMAKE_PREFIX_PATH=/opt/ros/humble /usr/bin/cmake --install /home/articulated_ws/build/mobile_bot
[0.875s] -- Install configuration: ""
[0.875s] -- Execute custom install script
[0.876s] -- Symlinking: /home/articulated_ws/install/mobile_bot/share/mobile_bot/config/empty.yaml
[0.883s] -- Symlinking: /home/articulated_ws/install/mobile_bot/share/mobile_bot/description/colors.xacro
[0.889s] -- Symlinking: /home/articulated_ws/install/mobile_bot/share/mobile_bot/description/gazebo_control.xacro
[0.896s] -- Symlinking: /home/articulated_ws/install/mobile_bot/share/mobile_bot/description/inertial_macros.xacro
[0.904s] -- Symlinking: /home/articulated_ws/install/mobile_bot/share/mobile_bot/description/robot.urdf.xacro
[0.912s] -- Symlinking: /home/articulated_ws/install/mobile_bot/share/mobile_bot/description/robot_core.xacro
[0.919s] -- Symlinking: /home/articulated_ws/install/mobile_bot/share/mobile_bot/launch/gazebo_sim.launch.py
[0.926s] -- Symlinking: /home/articulated_ws/install/mobile_bot/share/mobile_bot/launch/rsp.launch.py
[0.933s] -- Symlinking: /home/articulated_ws/install/mobile_bot/share/mobile_bot/worlds/empty.world
[0.940s] -- Symlinking: /home/articulated_ws/install/mobile_bot/share/ament_index/resource_index/package_run_dependencies/mobile_bot
[0.947s] -- Symlinking: /home/articulated_ws/install/mobile_bot/share/ament_index/resource_index/parent_prefix_path/mobile_bot
[0.954s] -- Symlinking: /home/articulated_ws/install/mobile_bot/share/mobile_bot/environment/ament_prefix_path.sh
[0.961s] -- Symlinking: /home/articulated_ws/install/mobile_bot/share/mobile_bot/environment/ament_prefix_path.dsv
[0.967s] -- Symlinking: /home/articulated_ws/install/mobile_bot/share/mobile_bot/environment/path.sh
[0.974s] -- Symlinking: /home/articulated_ws/install/mobile_bot/share/mobile_bot/environment/path.dsv
[0.981s] -- Symlinking: /home/articulated_ws/install/mobile_bot/share/mobile_bot/local_setup.bash
[0.988s] -- Symlinking: /home/articulated_ws/install/mobile_bot/share/mobile_bot/local_setup.sh
[0.995s] -- Symlinking: /home/articulated_ws/install/mobile_bot/share/mobile_bot/local_setup.zsh
[1.002s] -- Symlinking: /home/articulated_ws/install/mobile_bot/share/mobile_bot/local_setup.dsv
[1.011s] -- Symlinking: /home/articulated_ws/install/mobile_bot/share/mobile_bot/package.dsv
[1.019s] -- Symlinking: /home/articulated_ws/install/mobile_bot/share/ament_index/resource_index/packages/mobile_bot
[1.026s] -- Symlinking: /home/articulated_ws/install/mobile_bot/share/mobile_bot/cmake/mobile_botConfig.cmake
[1.033s] -- Symlinking: /home/articulated_ws/install/mobile_bot/share/mobile_bot/cmake/mobile_botConfig-version.cmake
[1.040s] -- Symlinking: /home/articulated_ws/install/mobile_bot/share/mobile_bot/package.xml
[1.048s] Invoked command in '/home/articulated_ws/build/mobile_bot' returned '0': CMAKE_PREFIX_PATH=/opt/ros/humble /usr/bin/cmake --install /home/articulated_ws/build/mobile_bot
