[0.013s] Invoking command in '/home/articulated_ws/build/mobile_bot': CMAKE_PREFIX_PATH=/opt/ros/humble /usr/bin/cmake --build /home/articulated_ws/build/mobile_bot -- -j12 -l12
[0.134s] Invoked command in '/home/articulated_ws/build/mobile_bot' returned '0': CMAKE_PREFIX_PATH=/opt/ros/humble /usr/bin/cmake --build /home/articulated_ws/build/mobile_bot -- -j12 -l12
[0.158s] Invoking command in '/home/articulated_ws/build/mobile_bot': CMAKE_PREFIX_PATH=/opt/ros/humble /usr/bin/cmake --install /home/articulated_ws/build/mobile_bot
[0.164s] -- Install configuration: ""
[0.166s] -- Execute custom install script
[0.169s] -- Up-to-date symlink: /home/articulated_ws/install/mobile_bot/share/mobile_bot/config/empty.yaml
[0.170s] -- Symlinking: /home/articulated_ws/install/mobile_bot/share/mobile_bot/description/colors.xacro
[0.197s] -- Up-to-date symlink: /home/articulated_ws/install/mobile_bot/share/mobile_bot/description/robot.urdf.xacro
[0.197s] -- Symlinking: /home/articulated_ws/install/mobile_bot/share/mobile_bot/description/robot_core.xacro
[0.225s] -- Up-to-date symlink: /home/articulated_ws/install/mobile_bot/share/mobile_bot/launch/rsp.launch.py
[0.227s] -- Up-to-date symlink: /home/articulated_ws/install/mobile_bot/share/mobile_bot/worlds/empty.world
[0.228s] -- Up-to-date symlink: /home/articulated_ws/install/mobile_bot/share/ament_index/resource_index/package_run_dependencies/mobile_bot
[0.229s] -- Up-to-date symlink: /home/articulated_ws/install/mobile_bot/share/ament_index/resource_index/parent_prefix_path/mobile_bot
[0.229s] -- Up-to-date symlink: /home/articulated_ws/install/mobile_bot/share/mobile_bot/environment/ament_prefix_path.sh
[0.230s] -- Up-to-date symlink: /home/articulated_ws/install/mobile_bot/share/mobile_bot/environment/ament_prefix_path.dsv
[0.231s] -- Up-to-date symlink: /home/articulated_ws/install/mobile_bot/share/mobile_bot/environment/path.sh
[0.232s] -- Up-to-date symlink: /home/articulated_ws/install/mobile_bot/share/mobile_bot/environment/path.dsv
[0.232s] -- Up-to-date symlink: /home/articulated_ws/install/mobile_bot/share/mobile_bot/local_setup.bash
[0.233s] -- Up-to-date symlink: /home/articulated_ws/install/mobile_bot/share/mobile_bot/local_setup.sh
[0.233s] -- Up-to-date symlink: /home/articulated_ws/install/mobile_bot/share/mobile_bot/local_setup.zsh
[0.234s] -- Up-to-date symlink: /home/articulated_ws/install/mobile_bot/share/mobile_bot/local_setup.dsv
[0.235s] -- Symlinking: /home/articulated_ws/install/mobile_bot/share/mobile_bot/package.dsv
[0.259s] -- Up-to-date symlink: /home/articulated_ws/install/mobile_bot/share/ament_index/resource_index/packages/mobile_bot
[0.259s] -- Up-to-date symlink: /home/articulated_ws/install/mobile_bot/share/mobile_bot/cmake/mobile_botConfig.cmake
[0.260s] -- Up-to-date symlink: /home/articulated_ws/install/mobile_bot/share/mobile_bot/cmake/mobile_botConfig-version.cmake
[0.260s] -- Up-to-date symlink: /home/articulated_ws/install/mobile_bot/share/mobile_bot/package.xml
[0.264s] Invoked command in '/home/articulated_ws/build/mobile_bot' returned '0': CMAKE_PREFIX_PATH=/opt/ros/humble /usr/bin/cmake --install /home/articulated_ws/build/mobile_bot
