[0.014s] Invoking command in '/home/articulated_ws/build/cpp_pubsub': CMAKE_PREFIX_PATH=${CMAKE_PREFIX_PATH}:/opt/ros/humble /usr/bin/cmake /home/articulated_ws/src/cpp_pubsub -DAMENT_CMAKE_SYMLINK_INSTALL=1 -DCMAKE_INSTALL_PREFIX=/home/articulated_ws/install/cpp_pubsub
[0.160s] -- The C compiler identification is GNU 11.4.0
[0.324s] -- The CXX compiler identification is GNU 11.4.0
[0.334s] -- Detecting C compiler ABI info
[0.396s] -- Detecting C compiler ABI info - done
[0.404s] -- Check for working C compiler: /usr/bin/cc - skipped
[0.405s] -- Detecting C compile features
[0.405s] -- Detecting C compile features - done
[0.409s] -- Detecting CXX compiler ABI info
[0.491s] -- Detecting CXX compiler ABI info - done
[0.498s] -- Check for working CXX compiler: /usr/bin/c++ - skipped
[0.499s] -- Detecting CXX compile features
[0.499s] -- Detecting CXX compile features - done
[0.502s] -- Found ament_cmake: 1.3.8 (/opt/ros/humble/share/ament_cmake/cmake)
[0.634s] -- Found Python3: /usr/bin/python3 (found version "3.10.12") found components: Interpreter 
[0.689s] -- Override CMake install command with custom implementation using symlinks instead of copying resources
[0.728s] -- Found ament_lint_auto: 0.12.10 (/opt/ros/humble/share/ament_lint_auto/cmake)
[0.804s] -- Added test 'cppcheck' to perform static code analysis on C / C++ code
[0.804s] -- Configured cppcheck include dirs: 
[0.804s] -- Configured cppcheck exclude dirs and/or files: 
[0.805s] -- Added test 'lint_cmake' to check CMake code style
[0.806s] -- Added test 'uncrustify' to check C / C++ code style
[0.806s] -- Configured uncrustify additional arguments: 
[0.806s] -- Added test 'xmllint' to check XML markup files
[0.808s] -- Configuring done
[0.811s] -- Generating done
[0.812s] -- Build files have been written to: /home/articulated_ws/build/cpp_pubsub
[0.816s] Invoked command in '/home/articulated_ws/build/cpp_pubsub' returned '0': CMAKE_PREFIX_PATH=${CMAKE_PREFIX_PATH}:/opt/ros/humble /usr/bin/cmake /home/articulated_ws/src/cpp_pubsub -DAMENT_CMAKE_SYMLINK_INSTALL=1 -DCMAKE_INSTALL_PREFIX=/home/articulated_ws/install/cpp_pubsub
[0.817s] Invoking command in '/home/articulated_ws/build/cpp_pubsub': CMAKE_PREFIX_PATH=${CMAKE_PREFIX_PATH}:/opt/ros/humble /usr/bin/cmake --build /home/articulated_ws/build/cpp_pubsub -- -j12 -l12
[0.849s] Invoked command in '/home/articulated_ws/build/cpp_pubsub' returned '0': CMAKE_PREFIX_PATH=${CMAKE_PREFIX_PATH}:/opt/ros/humble /usr/bin/cmake --build /home/articulated_ws/build/cpp_pubsub -- -j12 -l12
[0.867s] Invoking command in '/home/articulated_ws/build/cpp_pubsub': CMAKE_PREFIX_PATH=${CMAKE_PREFIX_PATH}:/opt/ros/humble /usr/bin/cmake --install /home/articulated_ws/build/cpp_pubsub
[0.873s] -- Install configuration: ""
[0.873s] -- Execute custom install script
[0.873s] -- Symlinking: /home/articulated_ws/install/cpp_pubsub/share/ament_index/resource_index/package_run_dependencies/cpp_pubsub
[0.881s] -- Symlinking: /home/articulated_ws/install/cpp_pubsub/share/ament_index/resource_index/parent_prefix_path/cpp_pubsub
[0.888s] -- Symlinking: /home/articulated_ws/install/cpp_pubsub/share/cpp_pubsub/environment/ament_prefix_path.sh
[0.895s] -- Symlinking: /home/articulated_ws/install/cpp_pubsub/share/cpp_pubsub/environment/ament_prefix_path.dsv
[0.902s] -- Symlinking: /home/articulated_ws/install/cpp_pubsub/share/cpp_pubsub/environment/path.sh
[0.909s] -- Symlinking: /home/articulated_ws/install/cpp_pubsub/share/cpp_pubsub/environment/path.dsv
[0.917s] -- Symlinking: /home/articulated_ws/install/cpp_pubsub/share/cpp_pubsub/local_setup.bash
[0.924s] -- Symlinking: /home/articulated_ws/install/cpp_pubsub/share/cpp_pubsub/local_setup.sh
[0.931s] -- Symlinking: /home/articulated_ws/install/cpp_pubsub/share/cpp_pubsub/local_setup.zsh
[0.938s] -- Symlinking: /home/articulated_ws/install/cpp_pubsub/share/cpp_pubsub/local_setup.dsv
[0.945s] -- Symlinking: /home/articulated_ws/install/cpp_pubsub/share/cpp_pubsub/package.dsv
[0.952s] -- Symlinking: /home/articulated_ws/install/cpp_pubsub/share/ament_index/resource_index/packages/cpp_pubsub
[0.959s] -- Symlinking: /home/articulated_ws/install/cpp_pubsub/share/cpp_pubsub/cmake/cpp_pubsubConfig.cmake
[0.967s] -- Symlinking: /home/articulated_ws/install/cpp_pubsub/share/cpp_pubsub/cmake/cpp_pubsubConfig-version.cmake
[0.974s] -- Symlinking: /home/articulated_ws/install/cpp_pubsub/share/cpp_pubsub/package.xml
[0.983s] Invoked command in '/home/articulated_ws/build/cpp_pubsub' returned '0': CMAKE_PREFIX_PATH=${CMAKE_PREFIX_PATH}:/opt/ros/humble /usr/bin/cmake --install /home/articulated_ws/build/cpp_pubsub
