[0.021s] Invoking command in '/home/articulated_ws/build/cpp_pubsub': CMAKE_PREFIX_PATH=${CMAKE_PREFIX_PATH}:/opt/ros/humble /usr/bin/cmake --build /home/articulated_ws/build/cpp_pubsub -- -j12 -l12
[0.091s] Invoked command in '/home/articulated_ws/build/cpp_pubsub' returned '0': CMAKE_PREFIX_PATH=${CMAKE_PREFIX_PATH}:/opt/ros/humble /usr/bin/cmake --build /home/articulated_ws/build/cpp_pubsub -- -j12 -l12
[0.131s] Invoking command in '/home/articulated_ws/build/cpp_pubsub': CMAKE_PREFIX_PATH=${CMAKE_PREFIX_PATH}:/opt/ros/humble /usr/bin/cmake --install /home/articulated_ws/build/cpp_pubsub
[0.140s] -- Install configuration: ""
[0.141s] -- Execute custom install script
[0.142s] -- Up-to-date symlink: /home/articulated_ws/install/cpp_pubsub/share/ament_index/resource_index/package_run_dependencies/cpp_pubsub
[0.142s] -- Up-to-date symlink: /home/articulated_ws/install/cpp_pubsub/share/ament_index/resource_index/parent_prefix_path/cpp_pubsub
[0.143s] -- Up-to-date symlink: /home/articulated_ws/install/cpp_pubsub/share/cpp_pubsub/environment/ament_prefix_path.sh
[0.143s] -- Up-to-date symlink: /home/articulated_ws/install/cpp_pubsub/share/cpp_pubsub/environment/ament_prefix_path.dsv
[0.143s] -- Up-to-date symlink: /home/articulated_ws/install/cpp_pubsub/share/cpp_pubsub/environment/path.sh
[0.143s] -- Up-to-date symlink: /home/articulated_ws/install/cpp_pubsub/share/cpp_pubsub/environment/path.dsv
[0.143s] -- Up-to-date symlink: /home/articulated_ws/install/cpp_pubsub/share/cpp_pubsub/local_setup.bash
[0.144s] -- Up-to-date symlink: /home/articulated_ws/install/cpp_pubsub/share/cpp_pubsub/local_setup.sh
[0.144s] -- Up-to-date symlink: /home/articulated_ws/install/cpp_pubsub/share/cpp_pubsub/local_setup.zsh
[0.144s] -- Up-to-date symlink: /home/articulated_ws/install/cpp_pubsub/share/cpp_pubsub/local_setup.dsv
[0.144s] -- Symlinking: /home/articulated_ws/install/cpp_pubsub/share/cpp_pubsub/package.dsv
[0.154s] -- Up-to-date symlink: /home/articulated_ws/install/cpp_pubsub/share/ament_index/resource_index/packages/cpp_pubsub
[0.154s] -- Up-to-date symlink: /home/articulated_ws/install/cpp_pubsub/share/cpp_pubsub/cmake/cpp_pubsubConfig.cmake
[0.154s] -- Up-to-date symlink: /home/articulated_ws/install/cpp_pubsub/share/cpp_pubsub/cmake/cpp_pubsubConfig-version.cmake
[0.154s] -- Up-to-date symlink: /home/articulated_ws/install/cpp_pubsub/share/cpp_pubsub/package.xml
[0.156s] Invoked command in '/home/articulated_ws/build/cpp_pubsub' returned '0': CMAKE_PREFIX_PATH=${CMAKE_PREFIX_PATH}:/opt/ros/humble /usr/bin/cmake --install /home/articulated_ws/build/cpp_pubsub
