[0.114s] DEBUG:colcon:Command line arguments: ['/usr/bin/colcon', 'build']
[0.114s] DEBUG:colcon:Parsed command line arguments: Namespace(log_base=None, log_level=None, verb_name='build', build_base='build', install_base='install', merge_install=False, symlink_install=False, test_result_base=None, continue_on_error=False, executor='parallel', parallel_workers=12, event_handlers=None, ignore_user_meta=False, metas=['./colcon.meta'], base_paths=['.'], packages_ignore=None, packages_ignore_regex=None, paths=None, packages_up_to=None, packages_up_to_regex=None, packages_above=None, packages_above_and_dependencies=None, packages_above_depth=None, packages_select_by_dep=None, packages_skip_by_dep=None, packages_skip_up_to=None, packages_select_build_failed=False, packages_skip_build_finished=False, packages_select_test_failures=False, packages_skip_test_passed=False, packages_select=None, packages_skip=None, packages_select_regex=None, packages_skip_regex=None, packages_start=None, packages_end=None, allow_overriding=[], cmake_args=None, cmake_target=None, cmake_target_skip_unavailable=False, cmake_clean_cache=False, cmake_clean_first=False, cmake_force_configure=False, ament_cmake_args=None, catkin_cmake_args=None, catkin_skip_building_tests=False, verb_parser=<colcon_defaults.argument_parser.defaults.DefaultArgumentsDecorator object at 0x7cbcc6043a90>, verb_extension=<colcon_core.verb.build.BuildVerb object at 0x7cbcc61ed240>, main=<bound method BuildVerb.main of <colcon_core.verb.build.BuildVerb object at 0x7cbcc61ed240>>)
[0.331s] Level 1:colcon.colcon_core.package_discovery:discover_packages(colcon_meta) check parameters
[0.331s] Level 1:colcon.colcon_core.package_discovery:discover_packages(recursive) check parameters
[0.331s] Level 1:colcon.colcon_core.package_discovery:discover_packages(ignore) check parameters
[0.331s] Level 1:colcon.colcon_core.package_discovery:discover_packages(path) check parameters
[0.331s] Level 1:colcon.colcon_core.package_discovery:discover_packages(colcon_meta) discover
[0.331s] Level 1:colcon.colcon_core.package_discovery:discover_packages(recursive) discover
[0.331s] INFO:colcon.colcon_core.package_discovery:Crawling recursively for packages in '/home/articulated_ws'
[0.332s] Level 1:colcon.colcon_core.package_identification:_identify(.) by extensions ['ignore', 'ignore_ament_install']
[0.332s] Level 1:colcon.colcon_core.package_identification:_identify(.) by extension 'ignore'
[0.332s] Level 1:colcon.colcon_core.package_identification:_identify(.) by extension 'ignore_ament_install'
[0.332s] Level 1:colcon.colcon_core.package_identification:_identify(.) by extensions ['colcon_pkg']
[0.332s] Level 1:colcon.colcon_core.package_identification:_identify(.) by extension 'colcon_pkg'
[0.332s] Level 1:colcon.colcon_core.package_identification:_identify(.) by extensions ['colcon_meta']
[0.332s] Level 1:colcon.colcon_core.package_identification:_identify(.) by extension 'colcon_meta'
[0.332s] Level 1:colcon.colcon_core.package_identification:_identify(.) by extensions ['ros']
[0.332s] Level 1:colcon.colcon_core.package_identification:_identify(.) by extension 'ros'
[0.343s] Level 1:colcon.colcon_core.package_identification:_identify(.) by extensions ['cmake', 'python']
[0.343s] Level 1:colcon.colcon_core.package_identification:_identify(.) by extension 'cmake'
[0.343s] Level 1:colcon.colcon_core.package_identification:_identify(.) by extension 'python'
[0.343s] Level 1:colcon.colcon_core.package_identification:_identify(.) by extensions ['python_setup_py']
[0.343s] Level 1:colcon.colcon_core.package_identification:_identify(.) by extension 'python_setup_py'
[0.343s] Level 1:colcon.colcon_core.package_identification:_identify(build) by extensions ['ignore', 'ignore_ament_install']
[0.343s] Level 1:colcon.colcon_core.package_identification:_identify(build) by extension 'ignore'
[0.343s] Level 1:colcon.colcon_core.package_identification:_identify(build) ignored
[0.343s] Level 1:colcon.colcon_core.package_identification:_identify(install) by extensions ['ignore', 'ignore_ament_install']
[0.343s] Level 1:colcon.colcon_core.package_identification:_identify(install) by extension 'ignore'
[0.343s] Level 1:colcon.colcon_core.package_identification:_identify(install) ignored
[0.343s] Level 1:colcon.colcon_core.package_identification:_identify(log) by extensions ['ignore', 'ignore_ament_install']
[0.343s] Level 1:colcon.colcon_core.package_identification:_identify(log) by extension 'ignore'
[0.343s] Level 1:colcon.colcon_core.package_identification:_identify(log) ignored
[0.343s] Level 1:colcon.colcon_core.package_identification:_identify(src) by extensions ['ignore', 'ignore_ament_install']
[0.343s] Level 1:colcon.colcon_core.package_identification:_identify(src) by extension 'ignore'
[0.343s] Level 1:colcon.colcon_core.package_identification:_identify(src) by extension 'ignore_ament_install'
[0.344s] Level 1:colcon.colcon_core.package_identification:_identify(src) by extensions ['colcon_pkg']
[0.344s] Level 1:colcon.colcon_core.package_identification:_identify(src) by extension 'colcon_pkg'
[0.344s] Level 1:colcon.colcon_core.package_identification:_identify(src) by extensions ['colcon_meta']
[0.344s] Level 1:colcon.colcon_core.package_identification:_identify(src) by extension 'colcon_meta'
[0.344s] Level 1:colcon.colcon_core.package_identification:_identify(src) by extensions ['ros']
[0.344s] Level 1:colcon.colcon_core.package_identification:_identify(src) by extension 'ros'
[0.344s] Level 1:colcon.colcon_core.package_identification:_identify(src) by extensions ['cmake', 'python']
[0.344s] Level 1:colcon.colcon_core.package_identification:_identify(src) by extension 'cmake'
[0.344s] Level 1:colcon.colcon_core.package_identification:_identify(src) by extension 'python'
[0.344s] Level 1:colcon.colcon_core.package_identification:_identify(src) by extensions ['python_setup_py']
[0.344s] Level 1:colcon.colcon_core.package_identification:_identify(src) by extension 'python_setup_py'
[0.344s] Level 1:colcon.colcon_core.package_identification:_identify(src/cpp_pubsub) by extensions ['ignore', 'ignore_ament_install']
[0.344s] Level 1:colcon.colcon_core.package_identification:_identify(src/cpp_pubsub) by extension 'ignore'
[0.344s] Level 1:colcon.colcon_core.package_identification:_identify(src/cpp_pubsub) by extension 'ignore_ament_install'
[0.344s] Level 1:colcon.colcon_core.package_identification:_identify(src/cpp_pubsub) by extensions ['colcon_pkg']
[0.344s] Level 1:colcon.colcon_core.package_identification:_identify(src/cpp_pubsub) by extension 'colcon_pkg'
[0.344s] Level 1:colcon.colcon_core.package_identification:_identify(src/cpp_pubsub) by extensions ['colcon_meta']
[0.344s] Level 1:colcon.colcon_core.package_identification:_identify(src/cpp_pubsub) by extension 'colcon_meta'
[0.344s] Level 1:colcon.colcon_core.package_identification:_identify(src/cpp_pubsub) by extensions ['ros']
[0.344s] Level 1:colcon.colcon_core.package_identification:_identify(src/cpp_pubsub) by extension 'ros'
[0.347s] DEBUG:colcon.colcon_core.package_identification:Package 'src/cpp_pubsub' with type 'ros.ament_cmake' and name 'cpp_pubsub'
[0.347s] Level 1:colcon.colcon_core.package_identification:_identify(src/mobile_bot) by extensions ['ignore', 'ignore_ament_install']
[0.347s] Level 1:colcon.colcon_core.package_identification:_identify(src/mobile_bot) by extension 'ignore'
[0.347s] Level 1:colcon.colcon_core.package_identification:_identify(src/mobile_bot) by extension 'ignore_ament_install'
[0.347s] Level 1:colcon.colcon_core.package_identification:_identify(src/mobile_bot) by extensions ['colcon_pkg']
[0.347s] Level 1:colcon.colcon_core.package_identification:_identify(src/mobile_bot) by extension 'colcon_pkg'
[0.347s] Level 1:colcon.colcon_core.package_identification:_identify(src/mobile_bot) by extensions ['colcon_meta']
[0.347s] Level 1:colcon.colcon_core.package_identification:_identify(src/mobile_bot) by extension 'colcon_meta'
[0.347s] Level 1:colcon.colcon_core.package_identification:_identify(src/mobile_bot) by extensions ['ros']
[0.347s] Level 1:colcon.colcon_core.package_identification:_identify(src/mobile_bot) by extension 'ros'
[0.347s] DEBUG:colcon.colcon_core.package_identification:Package 'src/mobile_bot' with type 'ros.ament_cmake' and name 'mobile_bot'
[0.347s] Level 1:colcon.colcon_core.package_discovery:discover_packages(recursive) using defaults
[0.347s] Level 1:colcon.colcon_core.package_discovery:discover_packages(ignore) discover
[0.348s] Level 1:colcon.colcon_core.package_discovery:discover_packages(ignore) using defaults
[0.348s] Level 1:colcon.colcon_core.package_discovery:discover_packages(path) discover
[0.348s] Level 1:colcon.colcon_core.package_discovery:discover_packages(path) using defaults
[0.366s] Level 1:colcon.colcon_core.package_discovery:discover_packages(prefix_path) check parameters
[0.366s] Level 1:colcon.colcon_core.package_discovery:discover_packages(prefix_path) discover
[0.368s] DEBUG:colcon.colcon_installed_package_information.package_discovery:Found 2 installed packages in /home/articulated_ws/install
[0.371s] DEBUG:colcon.colcon_installed_package_information.package_discovery:Found 346 installed packages in /opt/ros/humble
[0.375s] Level 1:colcon.colcon_core.package_discovery:discover_packages(prefix_path) using defaults
[0.423s] Level 5:colcon.colcon_core.verb:set package 'cpp_pubsub' build argument 'cmake_args' from command line to 'None'
[0.423s] Level 5:colcon.colcon_core.verb:set package 'cpp_pubsub' build argument 'cmake_target' from command line to 'None'
[0.423s] Level 5:colcon.colcon_core.verb:set package 'cpp_pubsub' build argument 'cmake_target_skip_unavailable' from command line to 'False'
[0.423s] Level 5:colcon.colcon_core.verb:set package 'cpp_pubsub' build argument 'cmake_clean_cache' from command line to 'False'
[0.423s] Level 5:colcon.colcon_core.verb:set package 'cpp_pubsub' build argument 'cmake_clean_first' from command line to 'False'
[0.423s] Level 5:colcon.colcon_core.verb:set package 'cpp_pubsub' build argument 'cmake_force_configure' from command line to 'False'
[0.423s] Level 5:colcon.colcon_core.verb:set package 'cpp_pubsub' build argument 'ament_cmake_args' from command line to 'None'
[0.423s] Level 5:colcon.colcon_core.verb:set package 'cpp_pubsub' build argument 'catkin_cmake_args' from command line to 'None'
[0.423s] Level 5:colcon.colcon_core.verb:set package 'cpp_pubsub' build argument 'catkin_skip_building_tests' from command line to 'False'
[0.423s] DEBUG:colcon.colcon_core.verb:Building package 'cpp_pubsub' with the following arguments: {'ament_cmake_args': None, 'build_base': '/home/articulated_ws/build/cpp_pubsub', 'catkin_cmake_args': None, 'catkin_skip_building_tests': False, 'cmake_args': None, 'cmake_clean_cache': False, 'cmake_clean_first': False, 'cmake_force_configure': False, 'cmake_target': None, 'cmake_target_skip_unavailable': False, 'install_base': '/home/articulated_ws/install/cpp_pubsub', 'merge_install': False, 'path': '/home/articulated_ws/src/cpp_pubsub', 'symlink_install': False, 'test_result_base': None}
[0.423s] Level 5:colcon.colcon_core.verb:set package 'mobile_bot' build argument 'cmake_args' from command line to 'None'
[0.423s] Level 5:colcon.colcon_core.verb:set package 'mobile_bot' build argument 'cmake_target' from command line to 'None'
[0.423s] Level 5:colcon.colcon_core.verb:set package 'mobile_bot' build argument 'cmake_target_skip_unavailable' from command line to 'False'
[0.423s] Level 5:colcon.colcon_core.verb:set package 'mobile_bot' build argument 'cmake_clean_cache' from command line to 'False'
[0.423s] Level 5:colcon.colcon_core.verb:set package 'mobile_bot' build argument 'cmake_clean_first' from command line to 'False'
[0.423s] Level 5:colcon.colcon_core.verb:set package 'mobile_bot' build argument 'cmake_force_configure' from command line to 'False'
[0.423s] Level 5:colcon.colcon_core.verb:set package 'mobile_bot' build argument 'ament_cmake_args' from command line to 'None'
[0.423s] Level 5:colcon.colcon_core.verb:set package 'mobile_bot' build argument 'catkin_cmake_args' from command line to 'None'
[0.423s] Level 5:colcon.colcon_core.verb:set package 'mobile_bot' build argument 'catkin_skip_building_tests' from command line to 'False'
[0.423s] DEBUG:colcon.colcon_core.verb:Building package 'mobile_bot' with the following arguments: {'ament_cmake_args': None, 'build_base': '/home/articulated_ws/build/mobile_bot', 'catkin_cmake_args': None, 'catkin_skip_building_tests': False, 'cmake_args': None, 'cmake_clean_cache': False, 'cmake_clean_first': False, 'cmake_force_configure': False, 'cmake_target': None, 'cmake_target_skip_unavailable': False, 'install_base': '/home/articulated_ws/install/mobile_bot', 'merge_install': False, 'path': '/home/articulated_ws/src/mobile_bot', 'symlink_install': False, 'test_result_base': None}
[0.424s] INFO:colcon.colcon_core.executor:Executing jobs using 'parallel' executor
[0.424s] DEBUG:colcon.colcon_parallel_executor.executor.parallel:run_until_complete
[0.424s] INFO:colcon.colcon_ros.task.ament_cmake.build:Building ROS package in '/home/articulated_ws/src/cpp_pubsub' with build type 'ament_cmake'
[0.424s] INFO:colcon.colcon_cmake.task.cmake.build:Building CMake package in '/home/articulated_ws/src/cpp_pubsub'
[0.427s] INFO:colcon.colcon_core.plugin_system:Skipping extension 'colcon_core.shell.bat': Not used on non-Windows systems
[0.427s] INFO:colcon.colcon_core.shell:Skip shell extension 'powershell' for command environment: Not usable outside of PowerShell
[0.427s] DEBUG:colcon.colcon_core.shell:Skip shell extension 'dsv' for command environment
[0.431s] INFO:colcon.colcon_ros.task.ament_cmake.build:Building ROS package in '/home/articulated_ws/src/mobile_bot' with build type 'ament_cmake'
[0.431s] INFO:colcon.colcon_cmake.task.cmake.build:Building CMake package in '/home/articulated_ws/src/mobile_bot'
[0.431s] INFO:colcon.colcon_core.shell:Skip shell extension 'powershell' for command environment: Not usable outside of PowerShell
[0.431s] DEBUG:colcon.colcon_core.shell:Skip shell extension 'dsv' for command environment
[0.437s] DEBUG:colcon.colcon_core.event_handler.log_command:Invoking command in '/home/articulated_ws/build/cpp_pubsub': CMAKE_PREFIX_PATH=${CMAKE_PREFIX_PATH}:/opt/ros/humble /usr/bin/cmake /home/articulated_ws/src/cpp_pubsub -DCMAKE_INSTALL_PREFIX=/home/articulated_ws/install/cpp_pubsub
[0.442s] DEBUG:colcon.colcon_core.event_handler.log_command:Invoking command in '/home/articulated_ws/build/mobile_bot': CMAKE_PREFIX_PATH=${CMAKE_PREFIX_PATH}:/opt/ros/humble /usr/bin/cmake /home/articulated_ws/src/mobile_bot -DCMAKE_INSTALL_PREFIX=/home/articulated_ws/install/mobile_bot
[0.670s] DEBUG:colcon.colcon_core.event_handler.log_command:Invoked command in '/home/articulated_ws/build/cpp_pubsub' returned '0': CMAKE_PREFIX_PATH=${CMAKE_PREFIX_PATH}:/opt/ros/humble /usr/bin/cmake /home/articulated_ws/src/cpp_pubsub -DCMAKE_INSTALL_PREFIX=/home/articulated_ws/install/cpp_pubsub
[0.672s] DEBUG:colcon.colcon_core.event_handler.log_command:Invoking command in '/home/articulated_ws/build/cpp_pubsub': CMAKE_PREFIX_PATH=${CMAKE_PREFIX_PATH}:/opt/ros/humble /usr/bin/cmake --build /home/articulated_ws/build/cpp_pubsub -- -j12 -l12
[0.680s] DEBUG:colcon.colcon_core.event_handler.log_command:Invoked command in '/home/articulated_ws/build/mobile_bot' returned '0': CMAKE_PREFIX_PATH=${CMAKE_PREFIX_PATH}:/opt/ros/humble /usr/bin/cmake /home/articulated_ws/src/mobile_bot -DCMAKE_INSTALL_PREFIX=/home/articulated_ws/install/mobile_bot
[0.681s] DEBUG:colcon.colcon_core.event_handler.log_command:Invoking command in '/home/articulated_ws/build/mobile_bot': CMAKE_PREFIX_PATH=${CMAKE_PREFIX_PATH}:/opt/ros/humble /usr/bin/cmake --build /home/articulated_ws/build/mobile_bot -- -j12 -l12
[0.703s] DEBUG:colcon.colcon_core.event_handler.log_command:Invoked command in '/home/articulated_ws/build/cpp_pubsub' returned '0': CMAKE_PREFIX_PATH=${CMAKE_PREFIX_PATH}:/opt/ros/humble /usr/bin/cmake --build /home/articulated_ws/build/cpp_pubsub -- -j12 -l12
[0.710s] DEBUG:colcon.colcon_core.event_handler.log_command:Invoked command in '/home/articulated_ws/build/mobile_bot' returned '0': CMAKE_PREFIX_PATH=${CMAKE_PREFIX_PATH}:/opt/ros/humble /usr/bin/cmake --build /home/articulated_ws/build/mobile_bot -- -j12 -l12
[0.728s] DEBUG:colcon.colcon_core.event_handler.log_command:Invoking command in '/home/articulated_ws/build/cpp_pubsub': CMAKE_PREFIX_PATH=${CMAKE_PREFIX_PATH}:/opt/ros/humble /usr/bin/cmake --install /home/articulated_ws/build/cpp_pubsub
[0.730s] DEBUG:colcon.colcon_core.event_handler.log_command:Invoking command in '/home/articulated_ws/build/mobile_bot': CMAKE_PREFIX_PATH=${CMAKE_PREFIX_PATH}:/opt/ros/humble /usr/bin/cmake --install /home/articulated_ws/build/mobile_bot
[0.746s] Level 1:colcon.colcon_core.environment:create_environment_scripts_only(cpp_pubsub)
[0.747s] DEBUG:colcon.colcon_core.event_handler.log_command:Invoked command in '/home/articulated_ws/build/cpp_pubsub' returned '0': CMAKE_PREFIX_PATH=${CMAKE_PREFIX_PATH}:/opt/ros/humble /usr/bin/cmake --install /home/articulated_ws/build/cpp_pubsub
[0.750s] Level 1:colcon.colcon_core.environment:checking '/home/articulated_ws/install/cpp_pubsub' for CMake module files
[0.751s] Level 1:colcon.colcon_core.environment:checking '/home/articulated_ws/install/cpp_pubsub' for CMake config files
[0.751s] Level 1:colcon.colcon_core.shell:create_environment_hook('cpp_pubsub', 'cmake_prefix_path')
[0.751s] INFO:colcon.colcon_core.shell:Creating environment hook '/home/articulated_ws/install/cpp_pubsub/share/cpp_pubsub/hook/cmake_prefix_path.ps1'
[0.752s] INFO:colcon.colcon_core.shell:Creating environment descriptor '/home/articulated_ws/install/cpp_pubsub/share/cpp_pubsub/hook/cmake_prefix_path.dsv'
[0.752s] INFO:colcon.colcon_core.shell:Creating environment hook '/home/articulated_ws/install/cpp_pubsub/share/cpp_pubsub/hook/cmake_prefix_path.sh'
[0.753s] Level 1:colcon.colcon_core.environment:checking '/home/articulated_ws/install/cpp_pubsub/bin'
[0.753s] Level 1:colcon.colcon_core.environment:checking '/home/articulated_ws/install/cpp_pubsub/lib/pkgconfig/cpp_pubsub.pc'
[0.753s] Level 1:colcon.colcon_core.environment:checking '/home/articulated_ws/install/cpp_pubsub/lib/python3.10/site-packages'
[0.753s] Level 1:colcon.colcon_core.environment:checking '/home/articulated_ws/install/cpp_pubsub/bin'
[0.754s] INFO:colcon.colcon_core.shell:Creating package script '/home/articulated_ws/install/cpp_pubsub/share/cpp_pubsub/package.ps1'
[0.754s] INFO:colcon.colcon_core.shell:Creating package descriptor '/home/articulated_ws/install/cpp_pubsub/share/cpp_pubsub/package.dsv'
[0.755s] INFO:colcon.colcon_core.shell:Creating package script '/home/articulated_ws/install/cpp_pubsub/share/cpp_pubsub/package.sh'
[0.756s] INFO:colcon.colcon_core.shell:Creating package script '/home/articulated_ws/install/cpp_pubsub/share/cpp_pubsub/package.bash'
[0.756s] INFO:colcon.colcon_core.shell:Creating package script '/home/articulated_ws/install/cpp_pubsub/share/cpp_pubsub/package.zsh'
[0.757s] Level 1:colcon.colcon_core.environment:create_file_with_runtime_dependencies(/home/articulated_ws/install/cpp_pubsub/share/colcon-core/packages/cpp_pubsub)
[0.758s] Level 1:colcon.colcon_core.environment:create_environment_scripts_only(mobile_bot)
[0.758s] Level 1:colcon.colcon_core.environment:checking '/home/articulated_ws/install/mobile_bot' for CMake module files
[0.759s] DEBUG:colcon.colcon_core.event_handler.log_command:Invoked command in '/home/articulated_ws/build/mobile_bot' returned '0': CMAKE_PREFIX_PATH=${CMAKE_PREFIX_PATH}:/opt/ros/humble /usr/bin/cmake --install /home/articulated_ws/build/mobile_bot
[0.759s] Level 1:colcon.colcon_core.environment:checking '/home/articulated_ws/install/mobile_bot' for CMake config files
[0.759s] Level 1:colcon.colcon_core.shell:create_environment_hook('mobile_bot', 'cmake_prefix_path')
[0.759s] INFO:colcon.colcon_core.shell:Creating environment hook '/home/articulated_ws/install/mobile_bot/share/mobile_bot/hook/cmake_prefix_path.ps1'
[0.760s] INFO:colcon.colcon_core.shell:Creating environment descriptor '/home/articulated_ws/install/mobile_bot/share/mobile_bot/hook/cmake_prefix_path.dsv'
[0.760s] INFO:colcon.colcon_core.shell:Creating environment hook '/home/articulated_ws/install/mobile_bot/share/mobile_bot/hook/cmake_prefix_path.sh'
[0.760s] Level 1:colcon.colcon_core.environment:checking '/home/articulated_ws/install/mobile_bot/bin'
[0.761s] Level 1:colcon.colcon_core.environment:checking '/home/articulated_ws/install/mobile_bot/lib/pkgconfig/mobile_bot.pc'
[0.761s] Level 1:colcon.colcon_core.environment:checking '/home/articulated_ws/install/mobile_bot/lib/python3.10/site-packages'
[0.761s] Level 1:colcon.colcon_core.environment:checking '/home/articulated_ws/install/mobile_bot/bin'
[0.761s] INFO:colcon.colcon_core.shell:Creating package script '/home/articulated_ws/install/mobile_bot/share/mobile_bot/package.ps1'
[0.761s] INFO:colcon.colcon_core.shell:Creating package descriptor '/home/articulated_ws/install/mobile_bot/share/mobile_bot/package.dsv'
[0.762s] INFO:colcon.colcon_core.shell:Creating package script '/home/articulated_ws/install/mobile_bot/share/mobile_bot/package.sh'
[0.762s] INFO:colcon.colcon_core.shell:Creating package script '/home/articulated_ws/install/mobile_bot/share/mobile_bot/package.bash'
[0.762s] INFO:colcon.colcon_core.shell:Creating package script '/home/articulated_ws/install/mobile_bot/share/mobile_bot/package.zsh'
[0.762s] Level 1:colcon.colcon_core.environment:create_file_with_runtime_dependencies(/home/articulated_ws/install/mobile_bot/share/colcon-core/packages/mobile_bot)
[0.775s] Level 1:colcon.colcon_core.environment:create_environment_scripts_only(cpp_pubsub)
[0.775s] Level 1:colcon.colcon_core.environment:checking '/home/articulated_ws/install/cpp_pubsub' for CMake module files
[0.775s] Level 1:colcon.colcon_core.environment:checking '/home/articulated_ws/install/cpp_pubsub' for CMake config files
[0.775s] Level 1:colcon.colcon_core.shell:create_environment_hook('cpp_pubsub', 'cmake_prefix_path')
[0.776s] INFO:colcon.colcon_core.shell:Creating environment hook '/home/articulated_ws/install/cpp_pubsub/share/cpp_pubsub/hook/cmake_prefix_path.ps1'
[0.776s] INFO:colcon.colcon_core.shell:Creating environment descriptor '/home/articulated_ws/install/cpp_pubsub/share/cpp_pubsub/hook/cmake_prefix_path.dsv'
[0.776s] INFO:colcon.colcon_core.shell:Creating environment hook '/home/articulated_ws/install/cpp_pubsub/share/cpp_pubsub/hook/cmake_prefix_path.sh'
[0.777s] Level 1:colcon.colcon_core.environment:checking '/home/articulated_ws/install/cpp_pubsub/bin'
[0.777s] Level 1:colcon.colcon_core.environment:checking '/home/articulated_ws/install/cpp_pubsub/lib/pkgconfig/cpp_pubsub.pc'
[0.777s] Level 1:colcon.colcon_core.environment:checking '/home/articulated_ws/install/cpp_pubsub/lib/python3.10/site-packages'
[0.777s] Level 1:colcon.colcon_core.environment:checking '/home/articulated_ws/install/cpp_pubsub/bin'
[0.777s] INFO:colcon.colcon_core.shell:Creating package script '/home/articulated_ws/install/cpp_pubsub/share/cpp_pubsub/package.ps1'
[0.778s] INFO:colcon.colcon_core.shell:Creating package descriptor '/home/articulated_ws/install/cpp_pubsub/share/cpp_pubsub/package.dsv'
[0.778s] INFO:colcon.colcon_core.shell:Creating package script '/home/articulated_ws/install/cpp_pubsub/share/cpp_pubsub/package.sh'
[0.778s] INFO:colcon.colcon_core.shell:Creating package script '/home/articulated_ws/install/cpp_pubsub/share/cpp_pubsub/package.bash'
[0.779s] INFO:colcon.colcon_core.shell:Creating package script '/home/articulated_ws/install/cpp_pubsub/share/cpp_pubsub/package.zsh'
[0.779s] Level 1:colcon.colcon_core.environment:create_file_with_runtime_dependencies(/home/articulated_ws/install/cpp_pubsub/share/colcon-core/packages/cpp_pubsub)
[0.780s] Level 1:colcon.colcon_core.environment:create_environment_scripts_only(mobile_bot)
[0.780s] Level 1:colcon.colcon_core.environment:checking '/home/articulated_ws/install/mobile_bot' for CMake module files
[0.781s] Level 1:colcon.colcon_core.environment:checking '/home/articulated_ws/install/mobile_bot' for CMake config files
[0.782s] Level 1:colcon.colcon_core.shell:create_environment_hook('mobile_bot', 'cmake_prefix_path')
[0.782s] INFO:colcon.colcon_core.shell:Creating environment hook '/home/articulated_ws/install/mobile_bot/share/mobile_bot/hook/cmake_prefix_path.ps1'
[0.782s] INFO:colcon.colcon_core.shell:Creating environment descriptor '/home/articulated_ws/install/mobile_bot/share/mobile_bot/hook/cmake_prefix_path.dsv'
[0.782s] INFO:colcon.colcon_core.shell:Creating environment hook '/home/articulated_ws/install/mobile_bot/share/mobile_bot/hook/cmake_prefix_path.sh'
[0.783s] Level 1:colcon.colcon_core.environment:checking '/home/articulated_ws/install/mobile_bot/bin'
[0.783s] Level 1:colcon.colcon_core.environment:checking '/home/articulated_ws/install/mobile_bot/lib/pkgconfig/mobile_bot.pc'
[0.783s] Level 1:colcon.colcon_core.environment:checking '/home/articulated_ws/install/mobile_bot/lib/python3.10/site-packages'
[0.784s] Level 1:colcon.colcon_core.environment:checking '/home/articulated_ws/install/mobile_bot/bin'
[0.784s] INFO:colcon.colcon_core.shell:Creating package script '/home/articulated_ws/install/mobile_bot/share/mobile_bot/package.ps1'
[0.784s] INFO:colcon.colcon_core.shell:Creating package descriptor '/home/articulated_ws/install/mobile_bot/share/mobile_bot/package.dsv'
[0.785s] INFO:colcon.colcon_core.shell:Creating package script '/home/articulated_ws/install/mobile_bot/share/mobile_bot/package.sh'
[0.785s] INFO:colcon.colcon_core.shell:Creating package script '/home/articulated_ws/install/mobile_bot/share/mobile_bot/package.bash'
[0.786s] INFO:colcon.colcon_core.shell:Creating package script '/home/articulated_ws/install/mobile_bot/share/mobile_bot/package.zsh'
[0.786s] Level 1:colcon.colcon_core.environment:create_file_with_runtime_dependencies(/home/articulated_ws/install/mobile_bot/share/colcon-core/packages/mobile_bot)
[0.786s] DEBUG:colcon.colcon_parallel_executor.executor.parallel:closing loop
[0.786s] DEBUG:colcon.colcon_parallel_executor.executor.parallel:loop closed
[0.787s] DEBUG:colcon.colcon_parallel_executor.executor.parallel:run_until_complete finished with '0'
[0.787s] DEBUG:colcon.colcon_core.event_reactor:joining thread
[0.794s] INFO:colcon.colcon_core.plugin_system:Skipping extension 'colcon_notification.desktop_notification.notify_send': Could not find 'notify-send'
[0.794s] INFO:colcon.colcon_core.plugin_system:Skipping extension 'colcon_notification.desktop_notification.terminal_notifier': Not used on non-Darwin systems
[0.795s] INFO:colcon.colcon_core.plugin_system:Skipping extension 'colcon_notification.desktop_notification.win32': Not used on non-Windows systems
[0.795s] INFO:colcon.colcon_notification.desktop_notification:Sending desktop notification using 'notify2'
[0.796s] DEBUG:colcon.colcon_notification.desktop_notification.notify2:Failed to initialize notify2: org.freedesktop.DBus.Error.Spawn.ExecFailed: /usr/bin/dbus-launch terminated abnormally without any error message
[0.797s] DEBUG:colcon.colcon_core.event_reactor:joined thread
[0.798s] INFO:colcon.colcon_core.shell:Creating prefix script '/home/articulated_ws/install/local_setup.ps1'
[0.799s] INFO:colcon.colcon_core.shell:Creating prefix util module '/home/articulated_ws/install/_local_setup_util_ps1.py'
[0.801s] INFO:colcon.colcon_core.shell:Creating prefix chain script '/home/articulated_ws/install/setup.ps1'
[0.801s] INFO:colcon.colcon_core.shell:Creating prefix script '/home/articulated_ws/install/local_setup.sh'
[0.802s] INFO:colcon.colcon_core.shell:Creating prefix util module '/home/articulated_ws/install/_local_setup_util_sh.py'
[0.802s] INFO:colcon.colcon_core.shell:Creating prefix chain script '/home/articulated_ws/install/setup.sh'
[0.803s] INFO:colcon.colcon_core.shell:Creating prefix script '/home/articulated_ws/install/local_setup.bash'
[0.804s] INFO:colcon.colcon_core.shell:Creating prefix chain script '/home/articulated_ws/install/setup.bash'
[0.805s] INFO:colcon.colcon_core.shell:Creating prefix script '/home/articulated_ws/install/local_setup.zsh'
[0.805s] INFO:colcon.colcon_core.shell:Creating prefix chain script '/home/articulated_ws/install/setup.zsh'
