[0.011s] Invoking command in '/home/articulated_ws/build/cpp_pubsub': CMAKE_PREFIX_PATH=${CMAKE_PREFIX_PATH}:/opt/ros/humble /usr/bin/cmake /home/articulated_ws/src/cpp_pubsub -DAMENT_CMAKE_SYMLINK_INSTALL=1 -DCMAKE_INSTALL_PREFIX=/home/articulated_ws/install/cpp_pubsub
[0.023s] -- Found ament_cmake: 1.3.8 (/opt/ros/humble/share/ament_cmake/cmake)
[0.122s] -- Override CMake install command with custom implementation using symlinks instead of copying resources
[0.129s] -- Found ament_lint_auto: 0.12.10 (/opt/ros/humble/share/ament_lint_auto/cmake)
[0.186s] -- Added test 'cppcheck' to perform static code analysis on C / C++ code
[0.187s] -- Configured cppcheck include dirs: 
[0.187s] -- Configured cppcheck exclude dirs and/or files: 
[0.187s] -- Added test 'lint_cmake' to check CMake code style
[0.188s] -- Added test 'uncrustify' to check C / C++ code style
[0.188s] -- Configured uncrustify additional arguments: 
[0.188s] -- Added test 'xmllint' to check XML markup files
[0.189s] -- Configuring done
[0.191s] -- Generating done
[0.192s] -- Build files have been written to: /home/articulated_ws/build/cpp_pubsub
[0.194s] Invoked command in '/home/articulated_ws/build/cpp_pubsub' returned '0': CMAKE_PREFIX_PATH=${CMAKE_PREFIX_PATH}:/opt/ros/humble /usr/bin/cmake /home/articulated_ws/src/cpp_pubsub -DAMENT_CMAKE_SYMLINK_INSTALL=1 -DCMAKE_INSTALL_PREFIX=/home/articulated_ws/install/cpp_pubsub
[0.195s] Invoking command in '/home/articulated_ws/build/cpp_pubsub': CMAKE_PREFIX_PATH=${CMAKE_PREFIX_PATH}:/opt/ros/humble /usr/bin/cmake --build /home/articulated_ws/build/cpp_pubsub -- -j12 -l12
[0.227s] Invoked command in '/home/articulated_ws/build/cpp_pubsub' returned '0': CMAKE_PREFIX_PATH=${CMAKE_PREFIX_PATH}:/opt/ros/humble /usr/bin/cmake --build /home/articulated_ws/build/cpp_pubsub -- -j12 -l12
[0.251s] Invoking command in '/home/articulated_ws/build/cpp_pubsub': CMAKE_PREFIX_PATH=${CMAKE_PREFIX_PATH}:/opt/ros/humble /usr/bin/cmake --install /home/articulated_ws/build/cpp_pubsub
[0.256s] -- Install configuration: ""
[0.257s] -- Execute custom install script
[0.257s] -- Up-to-date symlink: /home/articulated_ws/install/cpp_pubsub/share/ament_index/resource_index/package_run_dependencies/cpp_pubsub
[0.257s] -- Up-to-date symlink: /home/articulated_ws/install/cpp_pubsub/share/ament_index/resource_index/parent_prefix_path/cpp_pubsub
[0.257s] -- Up-to-date symlink: /home/articulated_ws/install/cpp_pubsub/share/cpp_pubsub/environment/ament_prefix_path.sh
[0.257s] -- Up-to-date symlink: /home/articulated_ws/install/cpp_pubsub/share/cpp_pubsub/environment/ament_prefix_path.dsv
[0.257s] -- Up-to-date symlink: /home/articulated_ws/install/cpp_pubsub/share/cpp_pubsub/environment/path.sh
[0.257s] -- Up-to-date symlink: /home/articulated_ws/install/cpp_pubsub/share/cpp_pubsub/environment/path.dsv
[0.258s] -- Up-to-date symlink: /home/articulated_ws/install/cpp_pubsub/share/cpp_pubsub/local_setup.bash
[0.258s] -- Up-to-date symlink: /home/articulated_ws/install/cpp_pubsub/share/cpp_pubsub/local_setup.sh
[0.258s] -- Up-to-date symlink: /home/articulated_ws/install/cpp_pubsub/share/cpp_pubsub/local_setup.zsh
[0.258s] -- Up-to-date symlink: /home/articulated_ws/install/cpp_pubsub/share/cpp_pubsub/local_setup.dsv
[0.258s] -- Symlinking: /home/articulated_ws/install/cpp_pubsub/share/cpp_pubsub/package.dsv
[0.265s] -- Up-to-date symlink: /home/articulated_ws/install/cpp_pubsub/share/ament_index/resource_index/packages/cpp_pubsub
[0.266s] -- Up-to-date symlink: /home/articulated_ws/install/cpp_pubsub/share/cpp_pubsub/cmake/cpp_pubsubConfig.cmake
[0.266s] -- Up-to-date symlink: /home/articulated_ws/install/cpp_pubsub/share/cpp_pubsub/cmake/cpp_pubsubConfig-version.cmake
[0.266s] -- Up-to-date symlink: /home/articulated_ws/install/cpp_pubsub/share/cpp_pubsub/package.xml
[0.268s] Invoked command in '/home/articulated_ws/build/cpp_pubsub' returned '0': CMAKE_PREFIX_PATH=${CMAKE_PREFIX_PATH}:/opt/ros/humble /usr/bin/cmake --install /home/articulated_ws/build/cpp_pubsub
