[0.011s] Invoking command in '/home/articulated_ws/build/mobile_bot': CMAKE_PREFIX_PATH=/opt/ros/humble /usr/bin/cmake /home/articulated_ws/src/mobile_bot -DAMENT_CMAKE_SYMLINK_INSTALL=1 -DCMAKE_INSTALL_PREFIX=/home/articulated_ws/install/mobile_bot
[0.258s] -- The C compiler identification is GNU 11.4.0
[0.408s] -- The CXX compiler identification is GNU 11.4.0
[0.417s] -- Detecting C compiler ABI info
[0.484s] -- Detecting C compiler ABI info - done
[0.491s] -- Check for working C compiler: /usr/bin/cc - skipped
[0.492s] -- Detecting C compile features
[0.492s] -- Detecting C compile features - done
[0.496s] -- Detecting CXX compiler ABI info
[0.585s] -- Detecting CXX compiler ABI info - done
[0.591s] -- Check for working CXX compiler: /usr/bin/c++ - skipped
[0.591s] -- Detecting CXX compile features
[0.592s] -- Detecting CXX compile features - done
[0.596s] -- Found ament_cmake: 1.3.8 (/opt/ros/humble/share/ament_cmake/cmake)
[0.706s] -- Found Python3: /usr/bin/python3 (found version "3.10.12") found components: Interpreter 
[0.760s] -- Override CMake install command with custom implementation using symlinks instead of copying resources
[0.795s] -- Found ament_lint_auto: 0.12.10 (/opt/ros/humble/share/ament_lint_auto/cmake)
[0.870s] -- Added test 'copyright' to check source files copyright and LICENSE
[0.876s] -- Added test 'flake8' to check Python code syntax and style conventions
[0.877s] -- Added test 'lint_cmake' to check CMake code style
[0.878s] -- Added test 'pep257' to check Python code against some of the docstring style conventions in PEP 257
[0.881s] -- Added test 'xmllint' to check XML markup files
[0.882s] -- Configuring done
[0.885s] -- Generating done
[0.885s] -- Build files have been written to: /home/articulated_ws/build/mobile_bot
[0.889s] Invoked command in '/home/articulated_ws/build/mobile_bot' returned '0': CMAKE_PREFIX_PATH=/opt/ros/humble /usr/bin/cmake /home/articulated_ws/src/mobile_bot -DAMENT_CMAKE_SYMLINK_INSTALL=1 -DCMAKE_INSTALL_PREFIX=/home/articulated_ws/install/mobile_bot
[0.891s] Invoking command in '/home/articulated_ws/build/mobile_bot': CMAKE_PREFIX_PATH=/opt/ros/humble /usr/bin/cmake --build /home/articulated_ws/build/mobile_bot -- -j12 -l12
[0.920s] Invoked command in '/home/articulated_ws/build/mobile_bot' returned '0': CMAKE_PREFIX_PATH=/opt/ros/humble /usr/bin/cmake --build /home/articulated_ws/build/mobile_bot -- -j12 -l12
[0.944s] Invoking command in '/home/articulated_ws/build/mobile_bot': CMAKE_PREFIX_PATH=/opt/ros/humble /usr/bin/cmake --install /home/articulated_ws/build/mobile_bot
[0.950s] -- Install configuration: ""
[0.950s] -- Execute custom install script
[0.951s] -- Symlinking: /home/articulated_ws/install/mobile_bot/share/mobile_bot/config/empty.yaml
[0.959s] -- Symlinking: /home/articulated_ws/install/mobile_bot/share/mobile_bot/description/robot.urdf.xacro
[0.967s] -- Symlinking: /home/articulated_ws/install/mobile_bot/share/mobile_bot/launch/rsp.launch.py
[0.975s] -- Symlinking: /home/articulated_ws/install/mobile_bot/share/mobile_bot/worlds/empty.world
[0.983s] -- Symlinking: /home/articulated_ws/install/mobile_bot/share/ament_index/resource_index/package_run_dependencies/mobile_bot
[0.991s] -- Symlinking: /home/articulated_ws/install/mobile_bot/share/ament_index/resource_index/parent_prefix_path/mobile_bot
[0.999s] -- Symlinking: /home/articulated_ws/install/mobile_bot/share/mobile_bot/environment/ament_prefix_path.sh
[1.007s] -- Symlinking: /home/articulated_ws/install/mobile_bot/share/mobile_bot/environment/ament_prefix_path.dsv
[1.016s] -- Symlinking: /home/articulated_ws/install/mobile_bot/share/mobile_bot/environment/path.sh
[1.024s] -- Symlinking: /home/articulated_ws/install/mobile_bot/share/mobile_bot/environment/path.dsv
[1.031s] -- Symlinking: /home/articulated_ws/install/mobile_bot/share/mobile_bot/local_setup.bash
[1.039s] -- Symlinking: /home/articulated_ws/install/mobile_bot/share/mobile_bot/local_setup.sh
[1.047s] -- Symlinking: /home/articulated_ws/install/mobile_bot/share/mobile_bot/local_setup.zsh
[1.055s] -- Symlinking: /home/articulated_ws/install/mobile_bot/share/mobile_bot/local_setup.dsv
[1.062s] -- Symlinking: /home/articulated_ws/install/mobile_bot/share/mobile_bot/package.dsv
[1.070s] -- Symlinking: /home/articulated_ws/install/mobile_bot/share/ament_index/resource_index/packages/mobile_bot
[1.076s] -- Symlinking: /home/articulated_ws/install/mobile_bot/share/mobile_bot/cmake/mobile_botConfig.cmake
[1.082s] -- Symlinking: /home/articulated_ws/install/mobile_bot/share/mobile_bot/cmake/mobile_botConfig-version.cmake
[1.089s] -- Symlinking: /home/articulated_ws/install/mobile_bot/share/mobile_bot/package.xml
[1.097s] Invoked command in '/home/articulated_ws/build/mobile_bot' returned '0': CMAKE_PREFIX_PATH=/opt/ros/humble /usr/bin/cmake --install /home/articulated_ws/build/mobile_bot
