[0.013s] Invoking command in '/home/articulated_ws/build/mobile_bot': CMAKE_PREFIX_PATH=${CMAKE_PREFIX_PATH}:/opt/ros/humble /usr/bin/cmake --build /home/articulated_ws/build/mobile_bot -- -j12 -l12
[0.077s] Invoked command in '/home/articulated_ws/build/mobile_bot' returned '0': CMAKE_PREFIX_PATH=${CMAKE_PREFIX_PATH}:/opt/ros/humble /usr/bin/cmake --build /home/articulated_ws/build/mobile_bot -- -j12 -l12
[0.121s] Invoking command in '/home/articulated_ws/build/mobile_bot': CMAKE_PREFIX_PATH=${CMAKE_PREFIX_PATH}:/opt/ros/humble /usr/bin/cmake --install /home/articulated_ws/build/mobile_bot
[0.129s] -- Install configuration: ""
[0.129s] -- Execute custom install script
[0.131s] -- Up-to-date symlink: /home/articulated_ws/install/mobile_bot/share/mobile_bot/config/empty.yaml
[0.131s] -- Up-to-date symlink: /home/articulated_ws/install/mobile_bot/share/mobile_bot/description/colors.xacro
[0.131s] -- Symlinking: /home/articulated_ws/install/mobile_bot/share/mobile_bot/description/gazebo_control.xacro
[0.141s] -- Symlinking: /home/articulated_ws/install/mobile_bot/share/mobile_bot/description/inertial_macros.xacro
[0.154s] -- Up-to-date symlink: /home/articulated_ws/install/mobile_bot/share/mobile_bot/description/robot.urdf.xacro
[0.155s] -- Up-to-date symlink: /home/articulated_ws/install/mobile_bot/share/mobile_bot/description/robot_core.xacro
[0.155s] -- Symlinking: /home/articulated_ws/install/mobile_bot/share/mobile_bot/launch/gazebo_sim.launch.py
[0.165s] -- Up-to-date symlink: /home/articulated_ws/install/mobile_bot/share/mobile_bot/launch/rsp.launch.py
[0.165s] -- Up-to-date symlink: /home/articulated_ws/install/mobile_bot/share/mobile_bot/worlds/empty.world
[0.166s] -- Up-to-date symlink: /home/articulated_ws/install/mobile_bot/share/ament_index/resource_index/package_run_dependencies/mobile_bot
[0.166s] -- Up-to-date symlink: /home/articulated_ws/install/mobile_bot/share/ament_index/resource_index/parent_prefix_path/mobile_bot
[0.166s] -- Up-to-date symlink: /home/articulated_ws/install/mobile_bot/share/mobile_bot/environment/ament_prefix_path.sh
[0.167s] -- Up-to-date symlink: /home/articulated_ws/install/mobile_bot/share/mobile_bot/environment/ament_prefix_path.dsv
[0.167s] -- Up-to-date symlink: /home/articulated_ws/install/mobile_bot/share/mobile_bot/environment/path.sh
[0.167s] -- Up-to-date symlink: /home/articulated_ws/install/mobile_bot/share/mobile_bot/environment/path.dsv
[0.167s] -- Up-to-date symlink: /home/articulated_ws/install/mobile_bot/share/mobile_bot/local_setup.bash
[0.168s] -- Up-to-date symlink: /home/articulated_ws/install/mobile_bot/share/mobile_bot/local_setup.sh
[0.168s] -- Up-to-date symlink: /home/articulated_ws/install/mobile_bot/share/mobile_bot/local_setup.zsh
[0.168s] -- Up-to-date symlink: /home/articulated_ws/install/mobile_bot/share/mobile_bot/local_setup.dsv
[0.168s] -- Symlinking: /home/articulated_ws/install/mobile_bot/share/mobile_bot/package.dsv
[0.179s] -- Up-to-date symlink: /home/articulated_ws/install/mobile_bot/share/ament_index/resource_index/packages/mobile_bot
[0.179s] -- Up-to-date symlink: /home/articulated_ws/install/mobile_bot/share/mobile_bot/cmake/mobile_botConfig.cmake
[0.179s] -- Up-to-date symlink: /home/articulated_ws/install/mobile_bot/share/mobile_bot/cmake/mobile_botConfig-version.cmake
[0.179s] -- Up-to-date symlink: /home/articulated_ws/install/mobile_bot/share/mobile_bot/package.xml
[0.181s] Invoked command in '/home/articulated_ws/build/mobile_bot' returned '0': CMAKE_PREFIX_PATH=${CMAKE_PREFIX_PATH}:/opt/ros/humble /usr/bin/cmake --install /home/articulated_ws/build/mobile_bot
