[0.009s] Invoking command in '/home/articulated_ws/build/mobile_bot': CMAKE_PREFIX_PATH=${CMAKE_PREFIX_PATH}:/opt/ros/humble /usr/bin/cmake /home/articulated_ws/src/mobile_bot -DAMENT_CMAKE_SYMLINK_INSTALL=1 -DCMAKE_INSTALL_PREFIX=/home/articulated_ws/install/mobile_bot
[0.020s] -- Found ament_cmake: 1.3.8 (/opt/ros/humble/share/ament_cmake/cmake)
[0.120s] -- Override CMake install command with custom implementation using symlinks instead of copying resources
[0.129s] -- Found ament_lint_auto: 0.12.10 (/opt/ros/humble/share/ament_lint_auto/cmake)
[0.188s] -- Added test 'copyright' to check source files copyright and LICENSE
[0.194s] -- Added test 'flake8' to check Python code syntax and style conventions
[0.195s] -- Added test 'lint_cmake' to check CMake code style
[0.195s] -- Added test 'pep257' to check Python code against some of the docstring style conventions in PEP 257
[0.199s] -- Added test 'xmllint' to check XML markup files
[0.199s] -- Configuring done
[0.202s] -- Generating done
[0.202s] -- Build files have been written to: /home/articulated_ws/build/mobile_bot
[0.206s] Invoked command in '/home/articulated_ws/build/mobile_bot' returned '0': CMAKE_PREFIX_PATH=${CMAKE_PREFIX_PATH}:/opt/ros/humble /usr/bin/cmake /home/articulated_ws/src/mobile_bot -DAMENT_CMAKE_SYMLINK_INSTALL=1 -DCMAKE_INSTALL_PREFIX=/home/articulated_ws/install/mobile_bot
[0.207s] Invoking command in '/home/articulated_ws/build/mobile_bot': CMAKE_PREFIX_PATH=${CMAKE_PREFIX_PATH}:/opt/ros/humble /usr/bin/cmake --build /home/articulated_ws/build/mobile_bot -- -j12 -l12
[0.237s] Invoked command in '/home/articulated_ws/build/mobile_bot' returned '0': CMAKE_PREFIX_PATH=${CMAKE_PREFIX_PATH}:/opt/ros/humble /usr/bin/cmake --build /home/articulated_ws/build/mobile_bot -- -j12 -l12
[0.255s] Invoking command in '/home/articulated_ws/build/mobile_bot': CMAKE_PREFIX_PATH=${CMAKE_PREFIX_PATH}:/opt/ros/humble /usr/bin/cmake --install /home/articulated_ws/build/mobile_bot
[0.260s] -- Install configuration: ""
[0.261s] -- Execute custom install script
[0.261s] -- Up-to-date symlink: /home/articulated_ws/install/mobile_bot/share/mobile_bot/config/empty.yaml
[0.261s] -- Up-to-date symlink: /home/articulated_ws/install/mobile_bot/share/mobile_bot/description/colors.xacro
[0.261s] -- Up-to-date symlink: /home/articulated_ws/install/mobile_bot/share/mobile_bot/description/robot.urdf.xacro
[0.261s] -- Up-to-date symlink: /home/articulated_ws/install/mobile_bot/share/mobile_bot/description/robot_core.xacro
[0.261s] -- Up-to-date symlink: /home/articulated_ws/install/mobile_bot/share/mobile_bot/launch/rsp.launch.py
[0.262s] -- Up-to-date symlink: /home/articulated_ws/install/mobile_bot/share/mobile_bot/worlds/empty.world
[0.262s] -- Up-to-date symlink: /home/articulated_ws/install/mobile_bot/share/ament_index/resource_index/package_run_dependencies/mobile_bot
[0.262s] -- Up-to-date symlink: /home/articulated_ws/install/mobile_bot/share/ament_index/resource_index/parent_prefix_path/mobile_bot
[0.262s] -- Up-to-date symlink: /home/articulated_ws/install/mobile_bot/share/mobile_bot/environment/ament_prefix_path.sh
[0.262s] -- Up-to-date symlink: /home/articulated_ws/install/mobile_bot/share/mobile_bot/environment/ament_prefix_path.dsv
[0.263s] -- Up-to-date symlink: /home/articulated_ws/install/mobile_bot/share/mobile_bot/environment/path.sh
[0.263s] -- Up-to-date symlink: /home/articulated_ws/install/mobile_bot/share/mobile_bot/environment/path.dsv
[0.264s] -- Up-to-date symlink: /home/articulated_ws/install/mobile_bot/share/mobile_bot/local_setup.bash
[0.264s] -- Up-to-date symlink: /home/articulated_ws/install/mobile_bot/share/mobile_bot/local_setup.sh
[0.264s] -- Up-to-date symlink: /home/articulated_ws/install/mobile_bot/share/mobile_bot/local_setup.zsh
[0.264s] -- Up-to-date symlink: /home/articulated_ws/install/mobile_bot/share/mobile_bot/local_setup.dsv
[0.264s] -- Symlinking: /home/articulated_ws/install/mobile_bot/share/mobile_bot/package.dsv
[0.273s] -- Up-to-date symlink: /home/articulated_ws/install/mobile_bot/share/ament_index/resource_index/packages/mobile_bot
[0.273s] -- Up-to-date symlink: /home/articulated_ws/install/mobile_bot/share/mobile_bot/cmake/mobile_botConfig.cmake
[0.273s] -- Up-to-date symlink: /home/articulated_ws/install/mobile_bot/share/mobile_bot/cmake/mobile_botConfig-version.cmake
[0.273s] -- Up-to-date symlink: /home/articulated_ws/install/mobile_bot/share/mobile_bot/package.xml
[0.275s] Invoked command in '/home/articulated_ws/build/mobile_bot' returned '0': CMAKE_PREFIX_PATH=${CMAKE_PREFIX_PATH}:/opt/ros/humble /usr/bin/cmake --install /home/articulated_ws/build/mobile_bot
