[0.032s] Invoking command in '/home/articulated_ws/build/mobile_bot': CMAKE_PREFIX_PATH=/opt/ros/humble /usr/bin/cmake --build /home/articulated_ws/build/mobile_bot -- -j12 -l12
[0.104s] Invoked command in '/home/articulated_ws/build/mobile_bot' returned '0': CMAKE_PREFIX_PATH=/opt/ros/humble /usr/bin/cmake --build /home/articulated_ws/build/mobile_bot -- -j12 -l12
[0.128s] Invoking command in '/home/articulated_ws/build/mobile_bot': CMAKE_PREFIX_PATH=/opt/ros/humble /usr/bin/cmake --install /home/articulated_ws/build/mobile_bot
[0.134s] -- Install configuration: ""
[0.134s] -- Execute custom install script
[0.136s] -- Up-to-date symlink: /home/articulated_ws/install/mobile_bot/share/mobile_bot/config/empty.yaml
[0.136s] -- Up-to-date symlink: /home/articulated_ws/install/mobile_bot/share/mobile_bot/description/colors.xacro
[0.136s] -- Up-to-date symlink: /home/articulated_ws/install/mobile_bot/share/mobile_bot/description/robot.urdf.xacro
[0.137s] -- Up-to-date symlink: /home/articulated_ws/install/mobile_bot/share/mobile_bot/description/robot_core.xacro
[0.137s] -- Up-to-date symlink: /home/articulated_ws/install/mobile_bot/share/mobile_bot/launch/rsp.launch.py
[0.137s] -- Up-to-date symlink: /home/articulated_ws/install/mobile_bot/share/mobile_bot/worlds/empty.world
[0.138s] -- Up-to-date symlink: /home/articulated_ws/install/mobile_bot/share/ament_index/resource_index/package_run_dependencies/mobile_bot
[0.138s] -- Up-to-date symlink: /home/articulated_ws/install/mobile_bot/share/ament_index/resource_index/parent_prefix_path/mobile_bot
[0.139s] -- Up-to-date symlink: /home/articulated_ws/install/mobile_bot/share/mobile_bot/environment/ament_prefix_path.sh
[0.139s] -- Up-to-date symlink: /home/articulated_ws/install/mobile_bot/share/mobile_bot/environment/ament_prefix_path.dsv
[0.139s] -- Up-to-date symlink: /home/articulated_ws/install/mobile_bot/share/mobile_bot/environment/path.sh
[0.140s] -- Up-to-date symlink: /home/articulated_ws/install/mobile_bot/share/mobile_bot/environment/path.dsv
[0.140s] -- Up-to-date symlink: /home/articulated_ws/install/mobile_bot/share/mobile_bot/local_setup.bash
[0.140s] -- Up-to-date symlink: /home/articulated_ws/install/mobile_bot/share/mobile_bot/local_setup.sh
[0.140s] -- Up-to-date symlink: /home/articulated_ws/install/mobile_bot/share/mobile_bot/local_setup.zsh
[0.140s] -- Up-to-date symlink: /home/articulated_ws/install/mobile_bot/share/mobile_bot/local_setup.dsv
[0.141s] -- Symlinking: /home/articulated_ws/install/mobile_bot/share/mobile_bot/package.dsv
[0.148s] -- Up-to-date symlink: /home/articulated_ws/install/mobile_bot/share/ament_index/resource_index/packages/mobile_bot
[0.149s] -- Up-to-date symlink: /home/articulated_ws/install/mobile_bot/share/mobile_bot/cmake/mobile_botConfig.cmake
[0.149s] -- Up-to-date symlink: /home/articulated_ws/install/mobile_bot/share/mobile_bot/cmake/mobile_botConfig-version.cmake
[0.149s] -- Up-to-date symlink: /home/articulated_ws/install/mobile_bot/share/mobile_bot/package.xml
[0.151s] Invoked command in '/home/articulated_ws/build/mobile_bot' returned '0': CMAKE_PREFIX_PATH=/opt/ros/humble /usr/bin/cmake --install /home/articulated_ws/build/mobile_bot
