[0.013s] Invoking command in '/home/articulated_ws/build/cpp_pub': CMAKE_PREFIX_PATH=/opt/ros/humble /usr/bin/cmake /home/articulated_ws/src/cpp_pub -DAMENT_CMAKE_SYMLINK_INSTALL=1 -DCMAKE_INSTALL_PREFIX=/home/articulated_ws/install/cpp_pub
[0.245s] -- The C compiler identification is GNU 11.4.0
[0.350s] -- The CXX compiler identification is GNU 11.4.0
[0.357s] -- Detecting C compiler ABI info
[0.420s] -- Detecting C compiler ABI info - done
[0.427s] -- Check for working C compiler: /usr/bin/cc - skipped
[0.427s] -- Detecting C compile features
[0.427s] -- Detecting C compile features - done
[0.430s] -- Detecting CXX compiler ABI info
[0.496s] -- Detecting CXX compiler ABI info - done
[0.503s] -- Check for working CXX compiler: /usr/bin/c++ - skipped
[0.504s] -- Detecting CXX compile features
[0.504s] -- Detecting CXX compile features - done
[0.508s] -- Found ament_cmake: 1.3.8 (/opt/ros/humble/share/ament_cmake/cmake)
[0.626s] -- Found Python3: /usr/bin/python3 (found version "3.10.12") found components: Interpreter 
[0.683s] -- Override CMake install command with custom implementation using symlinks instead of copying resources
[0.722s] -- Found rclcpp: 16.0.8 (/opt/ros/humble/share/rclcpp/cmake)
[0.774s] -- Found rosidl_generator_c: 3.1.5 (/opt/ros/humble/share/rosidl_generator_c/cmake)
[0.779s] -- Found rosidl_adapter: 3.1.5 (/opt/ros/humble/share/rosidl_adapter/cmake)
[0.789s] -- Found rosidl_generator_cpp: 3.1.5 (/opt/ros/humble/share/rosidl_generator_cpp/cmake)
[0.806s] -- Using all available rosidl_typesupport_c: rosidl_typesupport_fastrtps_c;rosidl_typesupport_introspection_c
[0.830s] -- Using all available rosidl_typesupport_cpp: rosidl_typesupport_fastrtps_cpp;rosidl_typesupport_introspection_cpp
[0.908s] -- Found rmw_implementation_cmake: 6.1.1 (/opt/ros/humble/share/rmw_implementation_cmake/cmake)
[0.912s] -- Found rmw_fastrtps_cpp: 6.2.6 (/opt/ros/humble/share/rmw_fastrtps_cpp/cmake)
[1.014s] -- Found OpenSSL: /usr/lib/x86_64-linux-gnu/libcrypto.so (found version "3.0.2")  
[1.037s] -- Found FastRTPS: /opt/ros/humble/include  
[1.078s] -- Using RMW implementation 'rmw_fastrtps_cpp' as default
[1.090s] -- Looking for pthread.h
[1.158s] -- Looking for pthread.h - found
[1.159s] -- Performing Test CMAKE_HAVE_LIBC_PTHREAD
[1.223s] -- Performing Test CMAKE_HAVE_LIBC_PTHREAD - Success
[1.223s] -- Found Threads: TRUE  
[1.390s] [31mCMake Error at CMakeLists.txt:11 (find_package):
[1.391s]   By not providing "Findstd_msga.cmake" in CMAKE_MODULE_PATH this project has
[1.391s]   asked CMake to find a package configuration file provided by "std_msga",
[1.391s]   but CMake did not find one.
[1.391s] 
[1.391s]   Could not find a package configuration file provided by "std_msga" with any
[1.391s]   of the following names:
[1.391s] 
[1.391s]     std_msgaConfig.cmake
[1.391s]     std_msga-config.cmake
[1.391s] 
[1.391s]   Add the installation prefix of "std_msga" to CMAKE_PREFIX_PATH or set
[1.391s]   "std_msga_DIR" to a directory containing one of the above files.  If
[1.391s]   "std_msga" provides a separate development package or SDK, be sure it has
[1.391s]   been installed.
[1.391s] 
[1.391s] [0m
[1.391s] -- Configuring incomplete, errors occurred!
[1.391s] See also "/home/articulated_ws/build/cpp_pub/CMakeFiles/CMakeOutput.log".
[1.396s] Invoked command in '/home/articulated_ws/build/cpp_pub' returned '1': CMAKE_PREFIX_PATH=/opt/ros/humble /usr/bin/cmake /home/articulated_ws/src/cpp_pub -DAMENT_CMAKE_SYMLINK_INSTALL=1 -DCMAKE_INSTALL_PREFIX=/home/articulated_ws/install/cpp_pub
